0 info it worked if it ends with ok
1 verbose cli [ '/Users/woobinhuh/.nvm/versions/node/v6.13.1/bin/node',
1 verbose cli   '/Users/woobinhuh/.nvm/versions/node/v6.13.1/bin/npm',
1 verbose cli   'start' ]
2 info using npm@3.10.10
3 info using node@v6.13.1
4 verbose run-script [ 'prestart', 'start', 'poststart' ]
5 info lifecycle get-faker-data@0.1.0~prestart: get-faker-data@0.1.0
6 silly lifecycle get-faker-data@0.1.0~prestart: no script for prestart, continuing
7 info lifecycle get-faker-data@0.1.0~start: get-faker-data@0.1.0
8 verbose lifecycle get-faker-data@0.1.0~start: unsafe-perm in lifecycle true
9 verbose lifecycle get-faker-data@0.1.0~start: PATH: /Users/woobinhuh/.nvm/versions/node/v6.13.1/lib/node_modules/npm/bin/node-gyp-bin:/Users/woobinhuh/Documents/getDummyDate/node_modules/.bin:/Users/woobinhuh/.yarn/bin:/Users/woobinhuh/.config/yarn/global/node_modules/.bin:/Users/woobinhuh/.nvm/versions/node/v6.13.1/bin:/usr/local/opt/mysql@5.7/bin:/usr/local/bin/mysql@5.7/bin:/usr/local/opt/mysql@5.7/bin:/Users/woobinhuh/.npm-global/bin:/usr/local/bin:/usr/bin:/bin:/usr/sbin:/sbi:/Applications/MAMP/Library/bin/mysql:/Users/woobinhuh/.yarn/bin:/Users/woobinhuh/.config/yarn/global/node_modules/.bin:/Users/woobinhuh/google-cloud-sdk/bin:/usr/local/opt/mysql@5.7/bin:/usr/local/bin/mysql@5.7/bin:/Users/woobinhuh/.npm-global/bin:/sbin
10 verbose lifecycle get-faker-data@0.1.0~start: CWD: /Users/woobinhuh/Documents/getDummyDate
11 silly lifecycle get-faker-data@0.1.0~start: Args: [ '-c', 'react-scripts start' ]
12 silly lifecycle get-faker-data@0.1.0~start: Returned: code: 1  signal: null
13 info lifecycle get-faker-data@0.1.0~start: Failed to exec start script
14 verbose stack Error: get-faker-data@0.1.0 start: `react-scripts start`
14 verbose stack Exit status 1
14 verbose stack     at EventEmitter.<anonymous> (/Users/woobinhuh/.nvm/versions/node/v6.13.1/lib/node_modules/npm/lib/utils/lifecycle.js:255:16)
14 verbose stack     at emitTwo (events.js:106:13)
14 verbose stack     at EventEmitter.emit (events.js:191:7)
14 verbose stack     at ChildProcess.<anonymous> (/Users/woobinhuh/.nvm/versions/node/v6.13.1/lib/node_modules/npm/lib/utils/spawn.js:40:14)
14 verbose stack     at emitTwo (events.js:106:13)
14 verbose stack     at ChildProcess.emit (events.js:191:7)
14 verbose stack     at maybeClose (internal/child_process.js:920:16)
14 verbose stack     at Process.ChildProcess._handle.onexit (internal/child_process.js:230:5)
15 verbose pkgid get-faker-data@0.1.0
16 verbose cwd /Users/woobinhuh/Documents/getDummyDate
17 error Darwin 19.0.0
18 error argv "/Users/woobinhuh/.nvm/versions/node/v6.13.1/bin/node" "/Users/woobinhuh/.nvm/versions/node/v6.13.1/bin/npm" "start"
19 error node v6.13.1
20 error npm  v3.10.10
21 error code ELIFECYCLE
22 error get-faker-data@0.1.0 start: `react-scripts start`
22 error Exit status 1
23 error Failed at the get-faker-data@0.1.0 start script 'react-scripts start'.
23 error Make sure you have the latest version of node.js and npm installed.
23 error If you do, this is most likely a problem with the get-faker-data package,
23 error not with npm itself.
23 error Tell the author that this fails on your system:
23 error     react-scripts start
23 error You can get information on how to open an issue for this project with:
23 error     npm bugs get-faker-data
23 error Or if that isn't available, you can get their info via:
23 error     npm owner ls get-faker-data
23 error There is likely additional logging output above.
24 verbose exit [ 1, true ]
